{"sessionId":"efdfc7","runId":"pre-fix","hypothesisId":"H1","location":"CheckoutController.java:createPaymentIntent","message":"/checkout/payment-intent called","data":{"amount":9999999,"hasCurrency":true},"timestamp":1777651593731}
{"sessionId":"efdfc7","runId":"pre-fix","hypothesisId":"H1","location":"CheckoutController.java:createPaymentIntent","message":"/checkout/payment-intent success","data":{"hasPaymentIntent":true,"jsonLength":3673},"timestamp":1777651596826}
{"sessionId":"efdfc7","runId":"pre-fix","hypothesisId":"H1","location":"CheckoutController.java:createPaymentIntent","message":"/checkout/payment-intent called","data":{"amount":9999999,"hasCurrency":true},"timestamp":1777652025797}
{"sessionId":"efdfc7","runId":"pre-fix","hypothesisId":"H1","location":"CheckoutController.java:createPaymentIntent","message":"/checkout/payment-intent success","data":{"hasPaymentIntent":true,"jsonLength":3673},"timestamp":1777652026600}
{"sessionId":"efdfc7","runId":"pre-fix","hypothesisId":"H2","location":"CheckoutController.java:placeOrder","message":"/checkout/purchase called","data":{"hasOrder":true,"hasItems":true,"itemsCount":1},"timestamp":1777652027830}
{"sessionId":"efdfc7","runId":"pre-fix","hypothesisId":"H2","location":"CheckoutController.java:placeOrder","message":"/checkout/purchase response","data":{"hasTrackingNumber":true},"timestamp":1777652028407}
{"sessionId":"efdfc7","runId":"pre-fix","hypothesisId":"H1","location":"CheckoutController.java:createPaymentIntent","message":"/checkout/payment-intent called","data":{"amount":9999999,"hasCurrency":true},"timestamp":1777715845700}
{"sessionId":"efdfc7","runId":"pre-fix","hypothesisId":"H1","location":"CheckoutController.java:createPaymentIntent","message":"/checkout/payment-intent success","data":{"hasPaymentIntent":true,"jsonLength":3673},"timestamp":1777715847058}
{"sessionId":"efdfc7","runId":"pre-fix","hypothesisId":"H2","location":"CheckoutController.java:placeOrder","message":"/checkout/purchase called","data":{"hasOrder":true,"hasItems":true,"itemsCount":1},"timestamp":1777715848201}
{"sessionId":"efdfc7","runId":"pre-fix","hypothesisId":"H2","location":"CheckoutController.java:placeOrder","message":"/checkout/purchase response","data":{"hasTrackingNumber":true},"timestamp":1777715848658}
{"sessionId":"efdfc7","runId":"pre-fix","hypothesisId":"H1","location":"CheckoutController.java:createPaymentIntent","message":"/checkout/payment-intent called","data":{"amount":7299999,"hasCurrency":true},"timestamp":1777715994656}
{"sessionId":"efdfc7","runId":"pre-fix","hypothesisId":"H1","location":"CheckoutController.java:createPaymentIntent","message":"/checkout/payment-intent success","data":{"hasPaymentIntent":true,"jsonLength":3673},"timestamp":1777715995275}
{"sessionId":"efdfc7","runId":"pre-fix","hypothesisId":"H1","location":"CheckoutController.java:createPaymentIntent","message":"/checkout/payment-intent called","data":{"amount":7299999,"hasCurrency":true},"timestamp":1777716079858}
{"sessionId":"efdfc7","runId":"pre-fix","hypothesisId":"H1","location":"CheckoutController.java:createPaymentIntent","message":"/checkout/payment-intent StripeException","data":{"type":"InvalidRequestException","hasMessage":true},"timestamp":1777716080855}
{"sessionId":"efdfc7","runId":"pre-fix","hypothesisId":"H1","location":"CheckoutController.java:createPaymentIntent","message":"/checkout/payment-intent called","data":{"amount":7299999,"hasCurrency":true},"timestamp":1777716140888}
{"sessionId":"efdfc7","runId":"pre-fix","hypothesisId":"H1","location":"CheckoutController.java:createPaymentIntent","message":"/checkout/payment-intent success","data":{"hasPaymentIntent":true,"jsonLength":3673},"timestamp":1777716141462}
{"sessionId":"efdfc7","runId":"pre-fix","hypothesisId":"H1","location":"CheckoutController.java:createPaymentIntent","message":"/checkout/payment-intent called","data":{"amount":7299999,"hasCurrency":true},"timestamp":1777716369099}
{"sessionId":"efdfc7","runId":"pre-fix","hypothesisId":"H1","location":"CheckoutController.java:createPaymentIntent","message":"/checkout/payment-intent success","data":{"hasPaymentIntent":true,"jsonLength":3673},"timestamp":1777716369700}
{"sessionId":"efdfc7","runId":"pre-fix","hypothesisId":"H1","location":"CheckoutController.java:createPaymentIntent","message":"/checkout/payment-intent called","data":{"amount":7299999,"hasCurrency":true},"timestamp":1777716506810}
{"sessionId":"efdfc7","runId":"pre-fix","hypothesisId":"H1","location":"CheckoutController.java:createPaymentIntent","message":"/checkout/payment-intent success","data":{"hasPaymentIntent":true,"jsonLength":3673},"timestamp":1777716507452}
{"sessionId":"efdfc7","runId":"pre-fix","hypothesisId":"H1","location":"CheckoutController.java:createPaymentIntent","message":"/checkout/payment-intent called","data":{"amount":9799998,"hasCurrency":true},"timestamp":1777716691172}
{"sessionId":"efdfc7","runId":"pre-fix","hypothesisId":"H1","location":"CheckoutController.java:createPaymentIntent","message":"/checkout/payment-intent success","data":{"hasPaymentIntent":true,"jsonLength":3673},"timestamp":1777716692599}
{"sessionId":"efdfc7","runId":"pre-fix","hypothesisId":"H1","location":"CheckoutController.java:createPaymentIntent","message":"/checkout/payment-intent called","data":{"amount":9999999,"hasCurrency":true},"timestamp":1777716720811}
{"sessionId":"efdfc7","runId":"pre-fix","hypothesisId":"H1","location":"CheckoutController.java:createPaymentIntent","message":"/checkout/payment-intent success","data":{"hasPaymentIntent":true,"jsonLength":3673},"timestamp":1777716721418}
{"sessionId":"efdfc7","runId":"pre-fix","hypothesisId":"H1","location":"CheckoutController.java:createPaymentIntent","message":"/checkout/payment-intent called","data":{"amount":4999999,"hasCurrency":true},"timestamp":1777717401633}
{"sessionId":"efdfc7","runId":"pre-fix","hypothesisId":"H1","location":"CheckoutController.java:createPaymentIntent","message":"/checkout/payment-intent success","data":{"hasPaymentIntent":true,"jsonLength":3673},"timestamp":1777717402745}
{"sessionId":"efdfc7","runId":"pre-fix","hypothesisId":"H1","location":"CheckoutController.java:createPaymentIntent","message":"/checkout/payment-intent called","data":{"amount":4999999,"hasCurrency":true},"timestamp":1777717821132}
{"sessionId":"efdfc7","runId":"pre-fix","hypothesisId":"H1","location":"CheckoutController.java:createPaymentIntent","message":"/checkout/payment-intent success","data":{"hasPaymentIntent":true,"jsonLength":3673},"timestamp":1777717822175}
{"sessionId":"efdfc7","runId":"pre-fix","hypothesisId":"H1","location":"CheckoutController.java:createPaymentIntent","message":"/checkout/payment-intent called","data":{"amount":4999999,"hasCurrency":true},"timestamp":1777717831219}
{"sessionId":"efdfc7","runId":"pre-fix","hypothesisId":"H1","location":"CheckoutController.java:createPaymentIntent","message":"/checkout/payment-intent success","data":{"hasPaymentIntent":true,"jsonLength":3673},"timestamp":1777717831796}
{"sessionId":"efdfc7","runId":"pre-fix","hypothesisId":"H1","location":"CheckoutController.java:createPaymentIntent","message":"/checkout/payment-intent called","data":{"amount":4999999,"hasCurrency":true},"timestamp":1777717853718}
{"sessionId":"efdfc7","runId":"pre-fix","hypothesisId":"H1","location":"CheckoutController.java:createPaymentIntent","message":"/checkout/payment-intent success","data":{"hasPaymentIntent":true,"jsonLength":3673},"timestamp":1777717854344}
{"sessionId":"efdfc7","runId":"pre-fix","hypothesisId":"H1","location":"CheckoutController.java:createPaymentIntent","message":"/checkout/payment-intent called","data":{"amount":4999999,"hasCurrency":true},"timestamp":1777718082343}
{"sessionId":"efdfc7","runId":"pre-fix","hypothesisId":"H1","location":"CheckoutController.java:createPaymentIntent","message":"/checkout/payment-intent success","data":{"hasPaymentIntent":true,"jsonLength":3673},"timestamp":1777718082979}
{"sessionId":"efdfc7","runId":"pre-fix","hypothesisId":"H1","location":"CheckoutController.java:createPaymentIntent","message":"/checkout/payment-intent called","data":{"amount":4999999,"hasCurrency":true},"timestamp":1777718110289}
{"sessionId":"efdfc7","runId":"pre-fix","hypothesisId":"H1","location":"CheckoutController.java:createPaymentIntent","message":"/checkout/payment-intent success","data":{"hasPaymentIntent":true,"jsonLength":3673},"timestamp":1777718110968}
{"sessionId":"efdfc7","runId":"pre-fix","hypothesisId":"H1","location":"CheckoutController.java:createPaymentIntent","message":"/checkout/payment-intent called","data":{"amount":4999999,"hasCurrency":true},"timestamp":1777718409838}
{"sessionId":"efdfc7","runId":"pre-fix","hypothesisId":"H1","location":"CheckoutController.java:createPaymentIntent","message":"/checkout/payment-intent success","data":{"hasPaymentIntent":true,"jsonLength":3673},"timestamp":1777718410481}
{"sessionId":"efdfc7","runId":"pre-fix","hypothesisId":"H1","location":"CheckoutController.java:createPaymentIntent","message":"/checkout/payment-intent called","data":{"amount":4999999,"hasCurrency":true},"timestamp":1777718615515}
{"sessionId":"efdfc7","runId":"pre-fix","hypothesisId":"H1","location":"CheckoutController.java:createPaymentIntent","message":"/checkout/payment-intent success","data":{"hasPaymentIntent":true,"jsonLength":3673},"timestamp":1777718616821}
{"sessionId":"efdfc7","runId":"pre-fix","hypothesisId":"H1","location":"CheckoutController.java:createPaymentIntent","message":"/checkout/payment-intent called","data":{"amount":4999999,"hasCurrency":true},"timestamp":1777718636933}
{"sessionId":"efdfc7","runId":"pre-fix","hypothesisId":"H1","location":"CheckoutController.java:createPaymentIntent","message":"/checkout/payment-intent success","data":{"hasPaymentIntent":true,"jsonLength":3673},"timestamp":1777718637550}
{"sessionId":"efdfc7","runId":"pre-fix","hypothesisId":"H1","location":"CheckoutController.java:createPaymentIntent","message":"/checkout/payment-intent called","data":{"amount":4999999,"hasCurrency":true},"timestamp":1777718742111}
{"sessionId":"efdfc7","runId":"pre-fix","hypothesisId":"H1","location":"CheckoutController.java:createPaymentIntent","message":"/checkout/payment-intent success","data":{"hasPaymentIntent":true,"jsonLength":3673},"timestamp":1777718742722}
{"sessionId":"efdfc7","runId":"pre-fix","hypothesisId":"H1","location":"CheckoutController.java:createPaymentIntent","message":"/checkout/payment-intent called","data":{"amount":4999999,"hasCurrency":true},"timestamp":1777719343992}
{"sessionId":"efdfc7","runId":"pre-fix","hypothesisId":"H1","location":"CheckoutController.java:createPaymentIntent","message":"/checkout/payment-intent success","data":{"hasPaymentIntent":true,"jsonLength":3673},"timestamp":1777719345287}
{"sessionId":"efdfc7","runId":"pre-fix","hypothesisId":"H1","location":"CheckoutController.java:createPaymentIntent","message":"/checkout/payment-intent called","data":{"amount":4999999,"hasCurrency":true},"timestamp":1777719381542}
{"sessionId":"efdfc7","runId":"pre-fix","hypothesisId":"H1","location":"CheckoutController.java:createPaymentIntent","message":"/checkout/payment-intent success","data":{"hasPaymentIntent":true,"jsonLength":3673},"timestamp":1777719382274}
{"sessionId":"efdfc7","runId":"pre-fix","hypothesisId":"H1","location":"CheckoutController.java:createPaymentIntent","message":"/checkout/payment-intent called","data":{"amount":4999999,"hasCurrency":true},"timestamp":1777719758870}
{"sessionId":"efdfc7","runId":"pre-fix","hypothesisId":"H1","location":"CheckoutController.java:createPaymentIntent","message":"/checkout/payment-intent success","data":{"hasPaymentIntent":true,"jsonLength":3673},"timestamp":1777719761174}
{"sessionId":"efdfc7","runId":"pre-fix","hypothesisId":"H1","location":"CheckoutController.java:createPaymentIntent","message":"/checkout/payment-intent called","data":{"amount":4999999,"hasCurrency":true},"timestamp":1777719890462}
{"sessionId":"efdfc7","runId":"pre-fix","hypothesisId":"H1","location":"CheckoutController.java:createPaymentIntent","message":"/checkout/payment-intent success","data":{"hasPaymentIntent":true,"jsonLength":3673},"timestamp":1777719891160}
{"sessionId":"efdfc7","runId":"pre-fix","hypothesisId":"H1","location":"CheckoutController.java:createPaymentIntent","message":"/checkout/payment-intent called","data":{"amount":4999999,"hasCurrency":true},"timestamp":1777720222428}
{"sessionId":"efdfc7","runId":"pre-fix","hypothesisId":"H1","location":"CheckoutController.java:createPaymentIntent","message":"/checkout/payment-intent success","data":{"hasPaymentIntent":true,"jsonLength":3673},"timestamp":1777720224327}
{"sessionId":"efdfc7","runId":"pre-fix","hypothesisId":"H1","location":"CheckoutController.java:createPaymentIntent","message":"/checkout/payment-intent called","data":{"amount":4999999,"hasCurrency":true},"timestamp":1777720841834}
{"sessionId":"efdfc7","runId":"pre-fix","hypothesisId":"H1","location":"CheckoutController.java:createPaymentIntent","message":"/checkout/payment-intent success","data":{"hasPaymentIntent":true,"jsonLength":3673},"timestamp":1777720842510}
{"sessionId":"efdfc7","runId":"pre-fix","hypothesisId":"H1","location":"CheckoutController.java:createPaymentIntent","message":"/checkout/payment-intent called","data":{"amount":124417,"hasCurrency":true},"timestamp":1777721137181}
{"sessionId":"efdfc7","runId":"pre-fix","hypothesisId":"H1","location":"CheckoutController.java:createPaymentIntent","message":"/checkout/payment-intent success","data":{"hasPaymentIntent":true,"jsonLength":3672},"timestamp":1777721137778}
{"sessionId":"efdfc7","runId":"pre-fix","hypothesisId":"H1","location":"CheckoutController.java:createPaymentIntent","message":"/checkout/payment-intent called","data":{"amount":124417,"hasCurrency":true},"timestamp":1777721399942}
{"sessionId":"efdfc7","runId":"pre-fix","hypothesisId":"H1","location":"CheckoutController.java:createPaymentIntent","message":"/checkout/payment-intent success","data":{"hasPaymentIntent":true,"jsonLength":3672},"timestamp":1777721400941}
{"sessionId":"efdfc7","runId":"pre-fix","hypothesisId":"H1","location":"CheckoutController.java:createPaymentIntent","message":"/checkout/payment-intent called","data":{"amount":124417,"hasCurrency":true},"timestamp":1777721470460}
{"sessionId":"efdfc7","runId":"pre-fix","hypothesisId":"H1","location":"CheckoutController.java:createPaymentIntent","message":"/checkout/payment-intent success","data":{"hasPaymentIntent":true,"jsonLength":3672},"timestamp":1777721471100}
{"sessionId":"efdfc7","runId":"pre-fix","hypothesisId":"H1","location":"CheckoutController.java:createPaymentIntent","message":"/checkout/payment-intent called","data":{"amount":124417,"hasCurrency":true},"timestamp":1777721825723}
{"sessionId":"efdfc7","runId":"pre-fix","hypothesisId":"H1","location":"CheckoutController.java:createPaymentIntent","message":"/checkout/payment-intent success","data":{"hasPaymentIntent":true,"jsonLength":3672},"timestamp":1777721826369}
{"sessionId":"efdfc7","runId":"pre-fix","hypothesisId":"H1","location":"CheckoutController.java:createPaymentIntent","message":"/checkout/payment-intent called","data":{"amount":124417,"hasCurrency":true},"timestamp":1777723239508}
{"sessionId":"efdfc7","runId":"pre-fix","hypothesisId":"H1","location":"CheckoutController.java:createPaymentIntent","message":"/checkout/payment-intent success","data":{"hasPaymentIntent":true,"jsonLength":3672},"timestamp":1777723240232}
{"sessionId":"efdfc7","runId":"pre-fix","hypothesisId":"H1","location":"CheckoutController.java:createPaymentIntent","message":"/checkout/payment-intent called","data":{"amount":124417,"hasCurrency":true},"timestamp":1777723297125}
{"sessionId":"efdfc7","runId":"pre-fix","hypothesisId":"H1","location":"CheckoutController.java:createPaymentIntent","message":"/checkout/payment-intent success","data":{"hasPaymentIntent":true,"jsonLength":3672},"timestamp":1777723297736}
{"sessionId":"efdfc7","runId":"pre-fix","hypothesisId":"H1","location":"CheckoutController.java:createPaymentIntent","message":"/checkout/payment-intent called","data":{"amount":124417,"hasCurrency":true},"timestamp":1777723310593}
{"sessionId":"efdfc7","runId":"pre-fix","hypothesisId":"H1","location":"CheckoutController.java:createPaymentIntent","message":"/checkout/payment-intent success","data":{"hasPaymentIntent":true,"jsonLength":3672},"timestamp":1777723311142}
{"sessionId":"efdfc7","runId":"pre-fix","hypothesisId":"H1","location":"CheckoutController.java:createPaymentIntent","message":"/checkout/payment-intent called","data":{"amount":124417,"hasCurrency":true},"timestamp":1777723411707}
{"sessionId":"efdfc7","runId":"pre-fix","hypothesisId":"H1","location":"CheckoutController.java:createPaymentIntent","message":"/checkout/payment-intent success","data":{"hasPaymentIntent":true,"jsonLength":3672},"timestamp":1777723412291}
{"sessionId":"efdfc7","runId":"pre-fix","hypothesisId":"H1","location":"CheckoutController.java:createPaymentIntent","message":"/checkout/payment-intent called","data":{"amount":124417,"hasCurrency":true},"timestamp":1777723506108}
{"sessionId":"efdfc7","runId":"pre-fix","hypothesisId":"H1","location":"CheckoutController.java:createPaymentIntent","message":"/checkout/payment-intent success","data":{"hasPaymentIntent":true,"jsonLength":3672},"timestamp":1777723506704}
{"sessionId":"efdfc7","runId":"pre-fix","hypothesisId":"H1","location":"CheckoutController.java:createPaymentIntent","message":"/checkout/payment-intent called","data":{"amount":5499999,"hasCurrency":true},"timestamp":1777726243367}
{"sessionId":"efdfc7","runId":"pre-fix","hypothesisId":"H1","location":"CheckoutController.java:createPaymentIntent","message":"/checkout/payment-intent success","data":{"hasPaymentIntent":true,"jsonLength":3673},"timestamp":1777726244718}
{"sessionId":"efdfc7","runId":"pre-fix","hypothesisId":"H1","location":"CheckoutController.java:createPaymentIntent","message":"/checkout/payment-intent called","data":{"amount":5499999,"hasCurrency":true},"timestamp":1777726319328}
{"sessionId":"efdfc7","runId":"pre-fix","hypothesisId":"H1","location":"CheckoutController.java:createPaymentIntent","message":"/checkout/payment-intent success","data":{"hasPaymentIntent":true,"jsonLength":3673},"timestamp":1777726319977}
{"sessionId":"efdfc7","runId":"pre-fix","hypothesisId":"H1","location":"CheckoutController.java:createPaymentIntent","message":"/checkout/payment-intent called","data":{"amount":5499999,"hasCurrency":true},"timestamp":1777726352369}
{"sessionId":"efdfc7","runId":"pre-fix","hypothesisId":"H1","location":"CheckoutController.java:createPaymentIntent","message":"/checkout/payment-intent success","data":{"hasPaymentIntent":true,"jsonLength":3673},"timestamp":1777726352944}
{"sessionId":"efdfc7","runId":"pre-fix","hypothesisId":"H1","location":"CheckoutController.java:createPaymentIntent","message":"/checkout/payment-intent called","data":{"amount":5499999,"hasCurrency":true},"timestamp":1777727004159}
{"sessionId":"efdfc7","runId":"pre-fix","hypothesisId":"H1","location":"CheckoutController.java:createPaymentIntent","message":"/checkout/payment-intent success","data":{"hasPaymentIntent":true,"jsonLength":3673},"timestamp":1777727005765}
{"sessionId":"efdfc7","runId":"pre-fix","hypothesisId":"H1","location":"CheckoutController.java:createPaymentIntent","message":"/checkout/payment-intent called","data":{"amount":5499999,"hasCurrency":true},"timestamp":1777727649672}
{"sessionId":"efdfc7","runId":"pre-fix","hypothesisId":"H1","location":"CheckoutController.java:createPaymentIntent","message":"/checkout/payment-intent success","data":{"hasPaymentIntent":true,"jsonLength":3673},"timestamp":1777727650383}
